app/build/outputs/logs/manifest-merger-debug-report.txt
-- Merging decision tree log ---
manifest
ADDED from AndroidManifest.xml:2:1
	package
		ADDED from AndroidManifest.xml:3:5
		INJECTED from AndroidManifest.xml:0:0
		INJECTED from AndroidManifest.xml:0:0
	android:versionName
		INJECTED from AndroidManifest.xml:0:0
		INJECTED from AndroidManifest.xml:0:0
	xmlns:android
		ADDED from AndroidManifest.xml:2:11
	android:versionCode
		INJECTED from AndroidManifest.xml:0:0
		INJECTED from AndroidManifest.xml:0:0
uses-sdk
ADDED from AndroidManifest.xml:5:5
MERGED from com.android.support:appcompat-v7:22.2.0:20:5
MERGED from com.android.support:support-v4:22.2.0:20:5
MERGED from Keepy-Uppy:andEngine:unspecified:7:5
MERGED from Keepy-Uppy:andEnginePhysicsBox2DExtension:unspecified:7:5
MERGED from Keepy-Uppy:andEngine:unspecified:7:5
	android:targetSdkVersion
		ADDED from AndroidManifest.xml:7:9
		INJECTED from AndroidManifest.xml:0:0
		INJECTED from AndroidManifest.xml:0:0
	android:minSdkVersion
		ADDED from AndroidManifest.xml:6:9
		INJECTED from AndroidManifest.xml:0:0
		INJECTED from AndroidManifest.xml:0:0
android:uses-permission#android.permission.WRITE_EXTERNAL_STORAGE
ADDED from AndroidManifest.xml:9:5
	android:maxSdkVersion
		ADDED from AndroidManifest.xml:11:9
	android:name
		ADDED from AndroidManifest.xml:10:9
android:uses-permission#android.permission.READ_PHONE_STATE
ADDED from AndroidManifest.xml:12:5
MERGED from Keepy-Uppy:andEngine:unspecified:19:5
MERGED from Keepy-Uppy:andEngine:unspecified:19:5
	android:name
		ADDED from AndroidManifest.xml:12:30
android:uses-permission#android.permission.READ_EXTERNAL_STORAGE
ADDED from AndroidManifest.xml:13:5
	android:maxSdkVersion
		ADDED from AndroidManifest.xml:15:9
	android:name
		ADDED from AndroidManifest.xml:14:9
application
ADDED from AndroidManifest.xml:17:5
MERGED from com.android.support:appcompat-v7:22.2.0:22:5
MERGED from com.android.support:support-v4:22.2.0:22:5
	android:label
		ADDED from AndroidManifest.xml:20:9
	android:allowBackup
		ADDED from AndroidManifest.xml:18:9
	android:icon
		ADDED from AndroidManifest.xml:19:9
	android:theme
		ADDED from AndroidManifest.xml:21:9
activity#matthewallenlinsoftware.keepy_uppy.MainActivity
ADDED from AndroidManifest.xml:22:9
	android:label
		ADDED from AndroidManifest.xml:24:13
	android:name
		ADDED from AndroidManifest.xml:23:13
intent-filter#android.intent.action.MAIN+android.intent.category.LAUNCHER
ADDED from AndroidManifest.xml:25:13
action#android.intent.action.MAIN
ADDED from AndroidManifest.xml:26:17
	android:name
		ADDED from AndroidManifest.xml:26:25
category#android.intent.category.LAUNCHER
ADDED from AndroidManifest.xml:28:17
	android:name
		ADDED from AndroidManifest.xml:28:27
activity#matthewallenlinsoftware.keepy_uppy.choose_ball
ADDED from AndroidManifest.xml:31:9
	android:label
		ADDED from AndroidManifest.xml:33:13
	android:name
		ADDED from AndroidManifest.xml:32:13
activity#matthewallenlinsoftware.keepy_uppy.choose_background
ADDED from AndroidManifest.xml:35:9
	android:label
		ADDED from AndroidManifest.xml:37:13
	android:name
		ADDED from AndroidManifest.xml:36:13
activity#matthewallenlinsoftware.keepy_uppy.gameplay
ADDED from AndroidManifest.xml:39:9
	android:label
		ADDED from AndroidManifest.xml:41:13
	android:name
		ADDED from AndroidManifest.xml:40:13
activity#matthewallenlinsoftware.keepy_uppy.rules
ADDED from AndroidManifest.xml:43:9
	android:label
		ADDED from AndroidManifest.xml:45:13
	android:name
		ADDED from AndroidManifest.xml:44:13
uses-feature#0x00020000
ADDED from Keepy-Uppy:andEngine:unspecified:11:5
MERGED from Keepy-Uppy:andEngine:unspecified:11:5
	android:glEsVersion
		ADDED from Keepy-Uppy:andEngine:unspecified:12:9
	android:required
		ADDED from Keepy-Uppy:andEngine:unspecified:13:9
uses-permission#android.permission.WAKE_LOCK
ADDED from Keepy-Uppy:andEngine:unspecified:15:5
MERGED from Keepy-Uppy:andEngine:unspecified:15:5
	android:name
		ADDED from Keepy-Uppy:andEngine:unspecified:15:22
uses-permission#android.permission.VIBRATE
ADDED from Keepy-Uppy:andEngine:unspecified:16:5
MERGED from Keepy-Uppy:andEngine:unspecified:16:5
	android:name
		ADDED from Keepy-Uppy:andEngine:unspecified:16:22
uses-permission#android.permission.INTERNET
ADDED from Keepy-Uppy:andEngine:unspecified:17:5
MERGED from Keepy-Uppy:andEngine:unspecified:17:5
	android:name
		ADDED from Keepy-Uppy:andEngine:unspecified:17:22
uses-permission#android.permission.ACCESS_NETWORK_STATE
ADDED from Keepy-Uppy:andEngine:unspecified:18:5
MERGED from Keepy-Uppy:andEngine:unspecified:18:5
	android:name
		ADDED from Keepy-Uppy:andEngine:unspecified:18:22